<?xml version="1.0" encoding="UTF-8"?>
<testsuite name="algorithm.programmers.Problem_Kakao_Blind_No1" tests="1" skipped="0" failures="0" errors="0" timestamp="2021-03-21T12:16:27" hostname="gimgyeongsuui-MacBookPro.local" time="0.054">
  <properties/>
  <testcase name="test()" classname="algorithm.programmers.Problem_Kakao_Blind_No1" time="0.054"/>
  <system-out><![CDATA[]]></system-out>
  <system-err><![CDATA[]]></system-err>
</testsuite>
